

Started GET "/" for 127.0.0.1 at 2016-12-03 01:29:45 +0900
Processing by Rails::WelcomeController#index as HTML
  Rendered /opt/local/lib/ruby2.1/gems/2.1.0/gems/railties-4.1.7/lib/rails/templates/rails/welcome/index.html.erb (5.6ms)
Completed 200 OK in 38ms (Views: 20.9ms | ActiveRecord: 0.0ms)
  [1m[36m (3.0ms)[0m  [1mCREATE TABLE "schema_migrations" ("version" varchar(255) NOT NULL) [0m
  [1m[35m (0.3ms)[0m  select sqlite_version(*)
  [1m[36m (1.5ms)[0m  [1mCREATE UNIQUE INDEX "unique_schema_migrations" ON "schema_migrations" ("version")[0m
  [1m[35mActiveRecord::SchemaMigration Load (0.1ms)[0m  SELECT "schema_migrations".* FROM "schema_migrations"
Migrating to CreateArticles (20161202164251)
  [1m[36m (0.2ms)[0m  [1mbegin transaction[0m
  [1m[35m (0.7ms)[0m  CREATE TABLE "articles" ("id" INTEGER PRIMARY KEY AUTOINCREMENT NOT NULL, "title" varchar(255), "category" varchar(255), "created_at" datetime, "updated_at" datetime) 
  [1m[36mSQL (0.2ms)[0m  [1mINSERT INTO "schema_migrations" ("version") VALUES (?)[0m  [["version", "20161202164251"]]
  [1m[35m (0.9ms)[0m  commit transaction
  [1m[36mActiveRecord::SchemaMigration Load (0.1ms)[0m  [1mSELECT "schema_migrations".* FROM "schema_migrations"[0m
  [1m[36mActiveRecord::SchemaMigration Load (0.4ms)[0m  [1mSELECT "schema_migrations".* FROM "schema_migrations"[0m
Migrating to AddAttachmentImageToArticles (20161202164317)
  [1m[35m (0.4ms)[0m  begin transaction
DEPRECATION WARNING: Method `t.has_attached_file` in the migration has been deprecated and will be replaced by `t.attachment`. (called from block in up at /Users/sakaifumiya/Desktop/railsApp/file_upload_api/db/migrate/20161202164317_add_attachment_image_to_articles.rb:4)
  [1m[36m (2.2ms)[0m  [1mALTER TABLE "articles" ADD "image_file_name" varchar(255)[0m
  [1m[35m (1.0ms)[0m  ALTER TABLE "articles" ADD "image_content_type" varchar(255)
  [1m[36m (0.4ms)[0m  [1mALTER TABLE "articles" ADD "image_file_size" integer[0m
  [1m[35m (0.3ms)[0m  ALTER TABLE "articles" ADD "image_updated_at" datetime
  [1m[36mSQL (0.3ms)[0m  [1mINSERT INTO "schema_migrations" ("version") VALUES (?)[0m  [["version", "20161202164317"]]
  [1m[35m (1.1ms)[0m  commit transaction
  [1m[36mActiveRecord::SchemaMigration Load (0.6ms)[0m  [1mSELECT "schema_migrations".* FROM "schema_migrations"[0m


Started GET "/" for 127.0.0.1 at 2016-12-03 02:08:47 +0900
  [1m[36mActiveRecord::SchemaMigration Load (0.2ms)[0m  [1mSELECT "schema_migrations".* FROM "schema_migrations"[0m
Processing by Rails::WelcomeController#index as HTML
  Rendered /opt/local/lib/ruby2.1/gems/2.1.0/gems/railties-4.1.7/lib/rails/templates/rails/welcome/index.html.erb (4.0ms)
Completed 200 OK in 30ms (Views: 15.1ms | ActiveRecord: 0.0ms)


Started GET "/articles" for 127.0.0.1 at 2016-12-03 02:08:52 +0900
Processing by ArticlesController#index as HTML
DEPRECATION WARNING: [paperclip] [deprecation] AWS SDK v1 has been deprecated in paperclip 5. Please consider upgrading to AWS 2 before upgrading paperclip. (called from <class:Article> at /Users/sakaifumiya/Desktop/railsApp/file_upload_api/app/models/article.rb:4)
DEPRECATION WARNING: [paperclip] [deprecation] Rails 3.2 and 4.1 are unsupported as of Rails 5 release. Please upgrade to Rails 4.2 before upgrading paperclip. (called from <class:Article> at /Users/sakaifumiya/Desktop/railsApp/file_upload_api/app/models/article.rb:4)
  [1m[35mArticle Load (0.3ms)[0m  SELECT "articles".* FROM "articles"
  Rendered articles/index.html.erb within layouts/application (3.4ms)
Completed 200 OK in 846ms (Views: 825.4ms | ActiveRecord: 0.3ms)


Started GET "/assets/application.css?body=1" for 127.0.0.1 at 2016-12-03 02:08:53 +0900


Started GET "/assets/scaffolds.css?body=1" for 127.0.0.1 at 2016-12-03 02:08:53 +0900


Started GET "/assets/jquery.js?body=1" for 127.0.0.1 at 2016-12-03 02:08:53 +0900


Started GET "/assets/turbolinks.js?body=1" for 127.0.0.1 at 2016-12-03 02:08:53 +0900


Started GET "/assets/jquery_ujs.js?body=1" for 127.0.0.1 at 2016-12-03 02:08:53 +0900


Started GET "/assets/articles.js?body=1" for 127.0.0.1 at 2016-12-03 02:08:53 +0900


Started GET "/assets/application.js?body=1" for 127.0.0.1 at 2016-12-03 02:08:53 +0900


Started GET "/assets/articles.css?body=1" for 127.0.0.1 at 2016-12-03 02:08:53 +0900
